[debug] [2025-03-23T05:23:40.756Z] ----------------------------------------------------------------------
[debug] [2025-03-23T05:23:40.762Z] Command:       C:\Program Files\nodejs\node.exe C:\Users\erkt3\AppData\Roaming\npm\node_modules\firebase-tools\lib\bin\firebase.js init
[debug] [2025-03-23T05:23:40.764Z] CLI Version:   13.35.1
[debug] [2025-03-23T05:23:40.764Z] Platform:      win32
[debug] [2025-03-23T05:23:40.764Z] Node Version:  v22.14.0
[debug] [2025-03-23T05:23:40.765Z] Time:          Sun Mar 23 2025 08:23:40 GMT+0300 (UTC+03:00)
[debug] [2025-03-23T05:23:40.765Z] ----------------------------------------------------------------------
[debug] 
[debug] [2025-03-23T05:23:40.771Z] >>> [apiv2][query] GET https://firebase-public.firebaseio.com/cli.json [none]
[debug] [2025-03-23T05:23:41.131Z] > command requires scopes: ["email","openid","https://www.googleapis.com/auth/cloudplatformprojects.readonly","https://www.googleapis.com/auth/firebase","https://www.googleapis.com/auth/cloud-platform"]
[debug] [2025-03-23T05:23:41.132Z] > authorizing via signed-in user (erkt39966@gmail.com)
[info] 
     ######## #### ########  ######## ########     ###     ######  ########
     ##        ##  ##     ## ##       ##     ##  ##   ##  ##       ##
     ######    ##  ########  ######   ########  #########  ######  ######
     ##        ##  ##    ##  ##       ##     ## ##     ##       ## ##
     ##       #### ##     ## ######## ########  ##     ##  ######  ########

You're about to initialize a Firebase project in this directory:

  C:\Users\erkt3\Messagebox

Before we get started, keep in mind:

  * You are initializing within an existing Firebase project directory

[debug] [2025-03-23T05:23:41.812Z] <<< [apiv2][status] GET https://firebase-public.firebaseio.com/cli.json 200
[debug] [2025-03-23T05:23:41.812Z] <<< [apiv2][body] GET https://firebase-public.firebaseio.com/cli.json {"cloudBuildErrorAfter":1594252800000,"cloudBuildWarnAfter":1590019200000,"defaultNode10After":1594252800000,"minVersion":"3.0.5","node8DeploysDisabledAfter":1613390400000,"node8RuntimeDisabledAfter":1615809600000,"node8WarnAfter":1600128000000}
[info] 
=== Project Setup
[info] 
[info] First, let's associate this project directory with a Firebase project.
[info] You can create multiple project aliases by running firebase use --add, 
[info] but for now we'll just set up a default project.
[info] 
[debug] [2025-03-23T05:23:56.412Z] Using project from CLI flag: message-bdea3
[debug] [2025-03-23T05:23:56.414Z] Checked if tokens are valid: false, expires at: 1742013375187
[debug] [2025-03-23T05:23:56.414Z] Checked if tokens are valid: false, expires at: 1742013375187
[debug] [2025-03-23T05:23:56.415Z] > refreshing access token with scopes: []
[debug] [2025-03-23T05:23:56.416Z] >>> [apiv2][query] POST https://www.googleapis.com/oauth2/v3/token [none]
[debug] [2025-03-23T05:23:56.416Z] >>> [apiv2][body] POST https://www.googleapis.com/oauth2/v3/token [omitted]
[debug] [2025-03-23T05:23:57.058Z] <<< [apiv2][status] POST https://www.googleapis.com/oauth2/v3/token 200
[debug] [2025-03-23T05:23:57.058Z] <<< [apiv2][body] POST https://www.googleapis.com/oauth2/v3/token [omitted]
[debug] [2025-03-23T05:23:57.068Z] >>> [apiv2][query] GET https://firebase.googleapis.com/v1beta1/projects/message-bdea3 [none]
[debug] [2025-03-23T05:23:58.153Z] <<< [apiv2][status] GET https://firebase.googleapis.com/v1beta1/projects/message-bdea3 200
[debug] [2025-03-23T05:23:58.153Z] <<< [apiv2][body] GET https://firebase.googleapis.com/v1beta1/projects/message-bdea3 {"projectId":"message-bdea3","projectNumber":"680649408212","displayName":"message","name":"projects/message-bdea3","resources":{"hostingSite":"message-bdea3","realtimeDatabaseInstance":"message-bdea3-default-rtdb"},"state":"ACTIVE","etag":"1_03822024-cc9d-464d-aa74-92b60feee2d3"}
[info] i  Using project message-bdea3 (message) 
[info] 
=== Dataconnect Setup
[debug] [2025-03-23T05:23:58.162Z] Checked if tokens are valid: true, expires at: 1742711036059
[debug] [2025-03-23T05:23:58.162Z] Checked if tokens are valid: true, expires at: 1742711036059
[debug] [2025-03-23T05:23:58.163Z] >>> [apiv2][query] GET https://cloudbilling.googleapis.com/v1/projects/message-bdea3/billingInfo [none]
[debug] [2025-03-23T05:23:59.291Z] <<< [apiv2][status] GET https://cloudbilling.googleapis.com/v1/projects/message-bdea3/billingInfo 200
[debug] [2025-03-23T05:23:59.291Z] <<< [apiv2][body] GET https://cloudbilling.googleapis.com/v1/projects/message-bdea3/billingInfo {"name":"projects/message-bdea3/billingInfo","projectId":"message-bdea3","billingAccountName":"","billingEnabled":false}
[info] i  dataconnect: ensuring required API sqladmin.googleapis.com is enabled... 
[debug] [2025-03-23T05:23:59.293Z] Checked if tokens are valid: true, expires at: 1742711036059
[debug] [2025-03-23T05:23:59.293Z] Checked if tokens are valid: true, expires at: 1742711036059
[debug] [2025-03-23T05:23:59.293Z] >>> [apiv2][query] GET https://serviceusage.googleapis.com/v1/projects/message-bdea3/services/sqladmin.googleapis.com [none]
[debug] [2025-03-23T05:23:59.293Z] >>> [apiv2][(partial)header] GET https://serviceusage.googleapis.com/v1/projects/message-bdea3/services/sqladmin.googleapis.com x-goog-quota-user=projects/message-bdea3
[debug] [2025-03-23T05:24:01.625Z] <<< [apiv2][status] GET https://serviceusage.googleapis.com/v1/projects/message-bdea3/services/sqladmin.googleapis.com 200
[debug] [2025-03-23T05:24:01.626Z] <<< [apiv2][body] GET https://serviceusage.googleapis.com/v1/projects/message-bdea3/services/sqladmin.googleapis.com [omitted]
[info] +  dataconnect: required API sqladmin.googleapis.com is enabled 
[info] i  dataconnect\dataconnect.yaml is unchanged 
[info] i  dataconnect\schema\schema.gql is unchanged 
[info] i  Skipping write of dataconnect\connector\connector.yaml 
[info] i  dataconnect\connector\queries.gql is unchanged 
[info] i  dataconnect\connector\mutations.gql is unchanged 
[info] +  Detected WEB app in directory C:\Users\erkt3\Messagebox 
[info] i  Detected react app. Enabling react generated SDKs. 
[info] i  Wrote new config to C:\Users\erkt3\Messagebox\dataconnect\connector/connector.yaml 
[info] i  dataconnect: downloading dataconnect-emulator-1.9.2.exe... {"metadata":{"emulator":{"name":"dataconnect"},"message":"downloading dataconnect-emulator-1.9.2.exe..."}}
[debug] [2025-03-23T05:24:20.130Z] >>> [apiv2][query] GET https://storage.googleapis.com/firemat-preview-drop/emulator/dataconnect-emulator-windows-v1.9.2 
[debug] [2025-03-23T05:24:21.303Z] <<< [apiv2][status] GET https://storage.googleapis.com/firemat-preview-drop/emulator/dataconnect-emulator-windows-v1.9.2 200
[debug] [2025-03-23T05:24:21.303Z] <<< [apiv2][body] GET https://storage.googleapis.com/firemat-preview-drop/emulator/dataconnect-emulator-windows-v1.9.2 [stream]
[info] i  dataconnect: Removing outdated emulator files: dataconnect-emulator-1.8.5.exe {"metadata":{"emulator":{"name":"dataconnect"},"message":"Removing outdated emulator files: dataconnect-emulator-1.8.5.exe"}}
[debug] [2025-03-23T05:38:06.303Z] defaultcredentials: writing to file C:\Users\erkt3\AppData\Roaming\firebase\erkt39966_gmail_com_application_default_credentials.json
[debug] [2025-03-23T05:38:06.305Z] Setting GAC to C:\Users\erkt3\AppData\Roaming\firebase\erkt39966_gmail_com_application_default_credentials.json {"metadata":{"emulator":{"name":"dataconnect"},"message":"Setting GAC to C:\\Users\\erkt3\\AppData\\Roaming\\firebase\\erkt39966_gmail_com_application_default_credentials.json"}}
[info] I0323 08:38:14.829639    4272 codegen.go:82] [connector "default" javascriptSdk] Generating sources into "C:\\Users\\erkt3\\Messagebox\\dataconnect-generated\\js\\default-connector"
I0323 08:38:14.974359    4272 generate.go:40] Generated all sources. Writing them to disk...
I0323 08:38:15.029862    4272 collector.go:107] connector "default" javascriptSdk wrote into "C:\\Users\\erkt3\\Messagebox\\dataconnect-generated\\js\\default-connector"
Generated sources: esm\index.esm.js [113B] esm\package.json [17B] index.cjs.js [149B] react\index.cjs.js [0B] react\esm\index.esm.js [0B] angular\index.cjs.js [1B] index.d.ts [246B] react\esm\package.json [17B] angular\index.d.ts [0B] angular\package.json [661B] package.json [1145B] react\package.json [468B] react\README.md [5443B] README.md [2800B] angular\esm\package.json [17B] angular\esm\index.esm.js [0B] react\index.d.ts [228B] 
I0323 08:38:15.047583    4272 installsdk.go:76] Running command: C:\Program Files\nodejs\npm.cmd install file:dataconnect-generated\js\default-connector
E0323 08:43:19.472882    4272 installsdk.go:78] Failed to install package: exit status 0xc000013a

[info] i  Generated SDK code for default 
[info] i  Visit https://firebase.google.com/docs/data-connect/web-sdk#react for more information on how to set up React Generated SDKs for Firebase Data Connect 
[info] i  Run `npm i --save @angular/fire @tanstack-query-firebase/angular @tanstack/angular-query-experimental` to install angular sdk dependencies.
Visit https://github.com/invertase/tanstack-query-firebase/tree/main/packages/angular for more information on how to set up Angular Generated SDKs for Firebase Data Connect 
[info] +  If you'd like to add more generated SDKs to your app your later, run firebase init dataconnect:sdk again 
[info] i  If you'd like to provision a CloudSQL Postgres instance on the Firebase Data Connect no-cost trial:
1. Please upgrade to the pay-as-you-go (Blaze) billing plan. Visit the following page:
     https://console.firebase.google.com/project/message-bdea3/usage/details
2. Run firebase init dataconnect again to configure the Cloud SQL instance.
3. Run firebase deploy --only dataconnect to deploy your Data Connect service. 
[info] 
=== Firestore Setup
[debug] [2025-03-23T05:43:19.486Z] Checked if tokens are valid: true, expires at: 1742711036059
[debug] [2025-03-23T05:43:19.486Z] Checked if tokens are valid: true, expires at: 1742711036059
[debug] [2025-03-23T05:43:19.486Z] >>> [apiv2][query] GET https://serviceusage.googleapis.com/v1/projects/message-bdea3/services/firestore.googleapis.com [none]
[debug] [2025-03-23T05:43:19.486Z] >>> [apiv2][(partial)header] GET https://serviceusage.googleapis.com/v1/projects/message-bdea3/services/firestore.googleapis.com x-goog-quota-user=projects/message-bdea3
